<?xml version="1.0" encoding="UTF-8"?>
<testng-results skipped="0" failed="0" ignored="0" total="3" passed="3">
  <reporter-output>
  </reporter-output>
  <suite name="Default suite" duration-ms="102574" started-at="2021-03-01T20:36:21 PKT" finished-at="2021-03-01T20:38:04 PKT">
    <groups>
    </groups>
    <test name="Default test" duration-ms="102574" started-at="2021-03-01T20:36:21 PKT" finished-at="2021-03-01T20:38:04 PKT">
      <class name="AportalTestClasses.TestShipments">
        <test-method status="PASS" signature="beforeClass()[pri:0, instance:AportalTestClasses.TestShipments@68bbe345]" name="beforeClass" is-config="true" duration-ms="19782" started-at="2021-03-01T20:36:21 PKT" finished-at="2021-03-01T20:36:41 PKT">
          <reporter-output>
          </reporter-output>
        </test-method> <!-- beforeClass -->
        <test-method status="PASS" signature="CreatShipment()[pri:0, instance:AportalTestClasses.TestShipments@68bbe345]" name="CreatShipment" duration-ms="29296" started-at="2021-03-01T20:36:41 PKT" finished-at="2021-03-01T20:37:11 PKT">
          <reporter-output>
          </reporter-output>
        </test-method> <!-- CreatShipment -->
        <test-method status="PASS" signature="CreatePayment()[pri:1, instance:AportalTestClasses.TestShipments@68bbe345]" name="CreatePayment" duration-ms="30836" started-at="2021-03-01T20:37:11 PKT" finished-at="2021-03-01T20:37:41 PKT">
          <reporter-output>
          </reporter-output>
        </test-method> <!-- CreatePayment -->
        <test-method status="PASS" signature="EditShipment()[pri:2, instance:AportalTestClasses.TestShipments@68bbe345]" name="EditShipment" duration-ms="22588" started-at="2021-03-01T20:37:41 PKT" finished-at="2021-03-01T20:38:04 PKT">
          <reporter-output>
          </reporter-output>
        </test-method> <!-- EditShipment -->
        <test-method status="PASS" signature="afterClass()[pri:0, instance:AportalTestClasses.TestShipments@68bbe345]" name="afterClass" is-config="true" duration-ms="0" started-at="2021-03-01T20:38:04 PKT" finished-at="2021-03-01T20:38:04 PKT">
          <reporter-output>
          </reporter-output>
        </test-method> <!-- afterClass -->
      </class> <!-- AportalTestClasses.TestShipments -->
    </test> <!-- Default test -->
  </suite> <!-- Default suite -->
</testng-results>
