<?xml version="1.0" encoding="UTF-8"?>
<!-- Generated by org.testng.reporters.JUnitXMLReporter -->
<testsuite hostname="NX00308" ignored="0" name="Default test" tests="3" failures="0" timestamp="2021-03-01T20:38:04 PKT" time="102.574" errors="0">
  <testcase name="CreatShipment" time="29.296" classname="AportalTestClasses.TestShipments"/>
  <testcase name="CreatePayment" time="30.836" classname="AportalTestClasses.TestShipments"/>
  <testcase name="EditShipment" time="22.588" classname="AportalTestClasses.TestShipments"/>
</testsuite> <!-- Default test -->
